2017-07-03 18:24:39,960 - dbSetup - DEBUG - The files belonging to this database system will be owned by user "charlesweng".
This user must also own the server process.

The database cluster will be initialized with locale "en_US.UTF-8".
The default database encoding has accordingly been set to "UTF8".
The default text search configuration will be set to "english".

Data page checksums are disabled.

initdb: directory "/usr/local/pgsql/data" exists but is not empty
If you want to create a new database system, either remove or empty
the directory "/usr/local/pgsql/data" or run initdb
with an argument other than "/usr/local/pgsql/data".
2017-07-03 18:24:39,960 - dbSetup - DEBUG - The files belonging to this database system will be owned by user "charlesweng".
This user must also own the server process.

The database cluster will be initialized with locale "en_US.UTF-8".
The default database encoding has accordingly been set to "UTF8".
The default text search configuration will be set to "english".

Data page checksums are disabled.

initdb: directory "/usr/local/pgsql/data" exists but is not empty
If you want to create a new database system, either remove or empty
the directory "/usr/local/pgsql/data" or run initdb
with an argument other than "/usr/local/pgsql/data".
2017-07-03 18:24:39,990 - dbSetup - DEBUG - server starting
2017-07-03 18:24:39,990 - dbSetup - DEBUG - server starting
